Построение начато 07.12.2017 22:19:13.
     1>Проект "C:\Users\Arthur\Desktop\ArturikJulia\SuperPuperProject\SuperPuperProject\SuperPuperProject.vcxproj" в узле 2 (целевые объекты build).
     1>InitializeBuildStatus:
         Создание "Debug\SuperPuperProject.unsuccessfulbuild", так как было задано "AlwaysCreate".
       ClCompile:
         Для всех выходных данных обновления не требуется.
         C:\Program Files (x86)\Microsoft Visual Studio 10.0\VC\bin\CL.exe /c /ZI /nologo /W3 /WX- /Od /Oy- /D WIN32 /D _DEBUG /D _CONSOLE /D _UNICODE /D UNICODE /Gm /EHsc /RTC1 /MDd /GS /fp:precise /Zc:wchar_t /Zc:forScope /Yu"StdAfx.h" /Fp"Debug\SuperPuperProject.pch" /Fo"Debug\\" /Fd"Debug\vc100.pdb" /Gd /TP /analyze- /errorReport:prompt SuperPuperProject.cpp funcs.cpp
         funcs.cpp
         SuperPuperProject.cpp
         Создание кода...
       Link:
         C:\Program Files (x86)\Microsoft Visual Studio 10.0\VC\bin\link.exe /ERRORREPORT:PROMPT /OUT:"C:\Users\Arthur\Desktop\ArturikJulia\SuperPuperProject\Debug\SuperPuperProject.exe" /INCREMENTAL:NO /NOLOGO kernel32.lib user32.lib gdi32.lib winspool.lib comdlg32.lib advapi32.lib shell32.lib ole32.lib oleaut32.lib uuid.lib odbc32.lib odbccp32.lib /MANIFEST /ManifestFile:"Debug\SuperPuperProject.exe.intermediate.manifest" /MANIFESTUAC:"level='asInvoker' uiAccess='false'" /DEBUG /PDB:"C:\Users\Arthur\Desktop\ArturikJulia\SuperPuperProject\Debug\SuperPuperProject.pdb" /SUBSYSTEM:CONSOLE /TLBID:1 /DYNAMICBASE /NXCOMPAT /IMPLIB:"C:\Users\Arthur\Desktop\ArturikJulia\SuperPuperProject\Debug\SuperPuperProject.lib" /MACHINE:X86 Debug\funcs.obj
         Debug\stdafx.obj
         Debug\SuperPuperProject.obj
     1>funcs.obj : warning LNK4075: не учитывается "/EDITANDCONTINUE" из-за спецификации "/INCREMENTAL:NO"
         SuperPuperProject.vcxproj -> C:\Users\Arthur\Desktop\ArturikJulia\SuperPuperProject\Debug\SuperPuperProject.exe
       Manifest:
         C:\Program Files (x86)\Microsoft SDKs\Windows\v7.0A\bin\mt.exe /nologo /verbose /outputresource:"C:\Users\Arthur\Desktop\ArturikJulia\SuperPuperProject\Debug\SuperPuperProject.exe;#1" /manifest Debug\SuperPuperProject.exe.intermediate.manifest
       FinalizeBuildStatus:
         Файл "Debug\SuperPuperProject.unsuccessfulbuild" удаляется.
         Обращение к "Debug\SuperPuperProject.lastbuildstate".
     1>Построение проекта "C:\Users\Arthur\Desktop\ArturikJulia\SuperPuperProject\SuperPuperProject\SuperPuperProject.vcxproj" завершено (целевые объекты build).

Построение успешно завершено.

Затраченное время: 00:00:00.98
